TN:
SF:src\app.controller.ts
FN:9,(anonymous_2)
FNF:1
FNH:0
FNDA:0,(anonymous_2)
DA:1,0
DA:2,0
DA:6,0
DA:9,0
DA:10,0
LF:5
LH:0
BRF:0
BRH:0
end_of_record
TN:
SF:src\app.module.ts
FNF:0
FNH:0
DA:1,0
DA:2,0
DA:3,0
DA:4,0
DA:5,0
DA:6,0
DA:7,0
DA:8,0
DA:9,0
DA:10,0
DA:11,0
DA:12,0
DA:13,0
DA:14,0
DA:35,0
LF:15
LH:0
BRF:0
BRH:0
end_of_record
TN:
SF:src\database\prisma.module.ts
FNF:0
FNH:0
DA:1,0
DA:2,0
DA:9,0
LF:3
LH:0
BRF:0
BRH:0
end_of_record
TN:
SF:src\database\prisma.service.ts
FN:6,(anonymous_1)
FN:10,(anonymous_2)
FNF:2
FNH:0
FNDA:0,(anonymous_1)
FNDA:0,(anonymous_2)
DA:1,8
DA:2,8
DA:5,8
DA:7,0
DA:11,0
LF:5
LH:3
BRF:0
BRH:0
end_of_record
TN:
SF:src\modules\appointments\appointments.controller.ts
FN:14,(anonymous_4)
FN:20,(anonymous_5)
FN:33,(anonymous_6)
FN:45,(anonymous_7)
FN:51,(anonymous_8)
FN:57,(anonymous_9)
FN:63,(anonymous_10)
FNF:7
FNH:0
FNDA:0,(anonymous_4)
FNDA:0,(anonymous_5)
FNDA:0,(anonymous_6)
FNDA:0,(anonymous_7)
FNDA:0,(anonymous_8)
FNDA:0,(anonymous_9)
FNDA:0,(anonymous_10)
DA:1,0
DA:2,0
DA:3,0
DA:4,0
DA:5,0
DA:7,0
DA:13,0
DA:14,0
DA:20,0
DA:21,0
DA:33,0
DA:37,0
DA:45,0
DA:46,0
DA:51,0
DA:52,0
DA:57,0
DA:58,0
DA:63,0
DA:64,0
LF:20
LH:0
BRDA:22,0,0,0
BRDA:22,0,1,0
BRDA:23,1,0,0
BRDA:23,1,1,0
BRF:4
BRH:0
end_of_record
TN:
SF:src\modules\appointments\appointments.module.ts
FNF:0
FNH:0
DA:1,0
DA:2,0
DA:3,0
DA:4,0
DA:12,0
LF:5
LH:0
BRF:0
BRH:0
end_of_record
TN:
SF:src\modules\appointments\appointments.service.ts
FN:19,(anonymous_2)
FN:24,(anonymous_3)
FN:95,(anonymous_4)
FN:117,(anonymous_5)
FN:155,(anonymous_6)
FN:176,(anonymous_7)
FN:185,(anonymous_8)
FNF:7
FNH:7
FNDA:17,(anonymous_2)
FNDA:6,(anonymous_3)
FNDA:6,(anonymous_4)
FNDA:5,(anonymous_5)
FNDA:2,(anonymous_6)
FNDA:2,(anonymous_7)
FNDA:1,(anonymous_8)
DA:1,1
DA:2,1
DA:3,1
DA:6,1
DA:10,1
DA:11,17
DA:20,17
DA:21,17
DA:33,6
DA:34,6
DA:35,6
DA:37,6
DA:39,6
DA:40,2
DA:46,6
DA:47,1
DA:50,6
DA:51,1
DA:54,6
DA:92,6
DA:96,6
DA:110,6
DA:111,3
DA:114,3
DA:118,5
DA:119,5
DA:120,1
DA:123,4
DA:124,4
DA:125,1
DA:128,3
DA:129,1
DA:130,1
DA:131,1
DA:135,2
DA:150,2
DA:152,2
DA:156,2
DA:158,1
DA:171,1
DA:173,1
DA:177,2
DA:179,1
DA:186,1
LF:44
LH:44
BRDA:33,0,0,6
BRDA:33,0,1,5
BRDA:34,1,0,6
BRDA:34,1,1,5
BRDA:39,2,0,2
BRDA:39,2,1,4
BRDA:39,3,0,6
BRDA:39,3,1,2
BRDA:46,4,0,1
BRDA:46,4,1,5
BRDA:50,5,0,1
BRDA:50,5,1,5
BRDA:110,6,0,3
BRDA:110,6,1,3
BRDA:119,7,0,1
BRDA:119,7,1,4
BRDA:124,8,0,1
BRDA:124,8,1,3
BRDA:128,9,0,1
BRDA:128,9,1,2
BRDA:130,10,0,1
BRDA:130,10,1,0
BRDA:139,11,0,2
BRDA:139,11,1,2
BRDA:162,12,0,1
BRDA:162,12,1,0
BRF:26
BRH:24
end_of_record
TN:
SF:src\modules\appointments\dto\appointments.dto.ts
FN:12,(anonymous_2)
FN:53,(anonymous_3)
FNF:2
FNH:1
FNDA:2,(anonymous_2)
FNDA:0,(anonymous_3)
DA:1,1
DA:2,1
DA:3,1
DA:4,1
DA:6,1
DA:9,1
DA:12,2
DA:15,1
DA:19,1
DA:24,1
DA:29,1
DA:33,1
DA:37,1
DA:42,1
DA:45,1
DA:49,1
DA:53,0
DA:56,1
DA:61,1
DA:66,1
DA:71,1
DA:76,1
LF:22
LH:21
BRF:0
BRH:0
end_of_record
TN:
SF:src\modules\auth\auth.controller.ts
FN:10,(anonymous_4)
FN:14,(anonymous_5)
FN:20,(anonymous_6)
FN:28,(anonymous_7)
FNF:4
FNH:4
FNDA:3,(anonymous_4)
FNDA:1,(anonymous_5)
FNDA:1,(anonymous_6)
FNDA:1,(anonymous_7)
DA:1,1
DA:2,1
DA:3,1
DA:4,1
DA:5,1
DA:9,1
DA:10,3
DA:14,1
DA:15,1
DA:20,1
DA:21,1
DA:28,1
DA:29,1
LF:13
LH:13
BRF:0
BRH:0
end_of_record
TN:
SF:src\modules\auth\auth.module.ts
FN:14,(anonymous_1)
FNF:1
FNH:0
FNDA:0,(anonymous_1)
DA:1,0
DA:2,0
DA:3,0
DA:4,0
DA:5,0
DA:6,0
DA:7,0
DA:14,0
DA:27,0
LF:9
LH:0
BRF:0
BRH:0
end_of_record
TN:
SF:src\modules\auth\auth.service.ts
FN:9,(anonymous_11)
FN:14,(anonymous_12)
FN:49,(anonymous_13)
FN:82,(anonymous_14)
FN:105,(anonymous_15)
FNF:5
FNH:5
FNDA:10,(anonymous_11)
FNDA:4,(anonymous_12)
FNDA:5,(anonymous_13)
FNDA:2,(anonymous_14)
FNDA:4,(anonymous_15)
DA:1,2
DA:2,2
DA:3,2
DA:4,2
DA:8,2
DA:10,10
DA:11,10
DA:15,4
DA:19,4
DA:20,2
DA:23,2
DA:25,2
DA:44,2
DA:46,2
DA:50,5
DA:54,5
DA:55,1
DA:58,4
DA:60,4
DA:61,1
DA:64,3
DA:65,1
DA:68,2
DA:70,2
DA:83,2
DA:98,2
DA:99,1
DA:102,1
DA:106,4
LF:29
LH:29
BRDA:19,0,0,2
BRDA:19,0,1,2
BRDA:54,1,0,1
BRDA:54,1,1,4
BRDA:60,2,0,1
BRDA:60,2,1,3
BRDA:64,3,0,1
BRDA:64,3,1,2
BRDA:98,4,0,1
BRDA:98,4,1,1
BRF:10
BRH:10
end_of_record
TN:
SF:src\modules\auth\dto\auth.dto.ts
FNF:0
FNH:0
DA:1,2
DA:2,2
DA:3,2
DA:5,2
DA:8,2
DA:13,2
DA:16,2
DA:19,2
DA:24,2
DA:28,2
DA:32,2
DA:37,2
DA:42,2
DA:47,2
LF:14
LH:14
BRF:0
BRH:0
end_of_record
TN:
SF:src\modules\auth\strategies\jwt.strategy.ts
FN:15,(anonymous_2)
FN:26,(anonymous_3)
FNF:2
FNH:0
FNDA:0,(anonymous_2)
FNDA:0,(anonymous_3)
DA:1,0
DA:2,0
DA:3,0
DA:4,0
DA:5,0
DA:14,0
DA:16,0
DA:19,0
DA:27,0
DA:37,0
DA:38,0
DA:41,0
LF:12
LH:0
BRDA:37,0,0,0
BRDA:37,0,1,0
BRDA:37,1,0,0
BRDA:37,1,1,0
BRF:4
BRH:0
end_of_record
TN:
SF:src\modules\clients\clients.controller.ts
FN:13,(anonymous_4)
FN:20,(anonymous_5)
FN:26,(anonymous_6)
FN:32,(anonymous_7)
FN:38,(anonymous_8)
FN:44,(anonymous_9)
FNF:6
FNH:0
FNDA:0,(anonymous_4)
FNDA:0,(anonymous_5)
FNDA:0,(anonymous_6)
FNDA:0,(anonymous_7)
FNDA:0,(anonymous_8)
FNDA:0,(anonymous_9)
DA:1,0
DA:2,0
DA:3,0
DA:4,0
DA:5,0
DA:6,0
DA:12,0
DA:13,0
DA:20,0
DA:21,0
DA:26,0
DA:27,0
DA:32,0
DA:33,0
DA:38,0
DA:39,0
DA:44,0
DA:45,0
LF:18
LH:0
BRF:0
BRH:0
end_of_record
TN:
SF:src\modules\clients\clients.module.ts
FNF:0
FNH:0
DA:1,0
DA:2,0
DA:3,0
DA:10,0
LF:4
LH:0
BRF:0
BRH:0
end_of_record
TN:
SF:src\modules\clients\clients.service.ts
FN:9,(anonymous_2)
FN:11,(anonymous_3)
FN:53,(anonymous_4)
FN:79,(anonymous_5)
FN:85,(anonymous_6)
FN:94,(anonymous_7)
FNF:6
FNH:6
FNDA:16,(anonymous_2)
FNDA:8,(anonymous_3)
FNDA:7,(anonymous_4)
FNDA:1,(anonymous_5)
FNDA:2,(anonymous_6)
FNDA:2,(anonymous_7)
DA:1,1
DA:2,1
DA:4,1
DA:8,1
DA:9,16
DA:12,8
DA:13,8
DA:14,8
DA:16,8
DA:28,8
DA:50,8
DA:54,7
DA:72,7
DA:73,3
DA:76,4
DA:80,1
DA:86,2
DA:88,1
DA:95,2
DA:97,1
LF:20
LH:20
BRDA:12,0,0,8
BRDA:12,0,1,7
BRDA:13,1,0,8
BRDA:13,1,1,7
BRDA:18,2,0,8
BRDA:18,2,1,4
BRDA:72,3,0,3
BRDA:72,3,1,4
BRF:8
BRH:8
end_of_record
TN:
SF:src\modules\clients\dto\clients.dto.ts
FNF:0
FNH:0
DA:1,1
DA:2,1
DA:4,1
DA:7,1
DA:11,1
DA:16,1
DA:21,1
DA:26,1
DA:31,1
DA:34,1
DA:38,1
DA:43,1
DA:48,1
DA:54,1
DA:59,1
DA:64,1
LF:16
LH:16
BRF:0
BRH:0
end_of_record
TN:
SF:src\modules\common\decorators\current-user.decorator.ts
FN:4,(anonymous_0)
FNF:1
FNH:0
FNDA:0,(anonymous_0)
DA:1,0
DA:3,0
DA:5,0
DA:6,0
DA:8,0
DA:9,0
DA:12,0
LF:7
LH:0
BRDA:8,0,0,0
BRDA:8,0,1,0
BRF:2
BRH:0
end_of_record
TN:
SF:src\modules\common\decorators\roles.decorator.ts
FN:5,(anonymous_0)
FNF:1
FNH:0
FNDA:0,(anonymous_0)
DA:1,0
DA:3,0
DA:5,0
LF:3
LH:0
BRF:0
BRH:0
end_of_record
TN:
SF:src\modules\common\dto\pagination.dto.ts
FN:7,(anonymous_2)
FN:11,(anonymous_3)
FN:16,IsOptionalDateString
FN:17,(anonymous_5)
FN:28,(anonymous_6)
FN:31,(anonymous_7)
FN:38,(anonymous_8)
FN:82,paginate
FNF:8
FNH:3
FNDA:0,(anonymous_2)
FNDA:0,(anonymous_3)
FNDA:12,IsOptionalDateString
FNDA:12,(anonymous_5)
FNDA:0,(anonymous_6)
FNDA:0,(anonymous_7)
FNDA:0,(anonymous_8)
FNDA:26,paginate
DA:1,6
DA:2,6
DA:3,6
DA:6,6
DA:8,0
DA:9,0
DA:12,0
DA:17,12
DA:18,12
DA:28,6
DA:31,0
DA:34,6
DA:38,0
DA:42,6
DA:47,6
DA:52,6
DA:57,6
DA:62,6
DA:67,6
DA:82,6
DA:88,26
DA:89,26
LF:22
LH:17
BRDA:8,0,0,0
BRDA:8,0,1,0
BRDA:8,1,0,0
BRDA:8,1,1,0
BRF:4
BRH:0
end_of_record
TN:
SF:src\modules\common\filters\http-exception.filter.ts
FN:6,(anonymous_1)
FNF:1
FNH:0
FNDA:0,(anonymous_1)
DA:1,0
DA:5,0
DA:7,0
DA:8,0
DA:10,0
DA:11,0
DA:12,0
DA:14,0
DA:15,0
DA:16,0
DA:18,0
DA:19,0
DA:20,0
DA:21,0
DA:23,0
DA:27,0
LF:16
LH:0
BRDA:14,0,0,0
BRDA:14,0,1,0
BRDA:18,1,0,0
BRDA:18,1,1,0
BRDA:18,2,0,0
BRDA:18,2,1,0
BRDA:20,3,0,0
BRDA:20,3,1,0
BRDA:21,4,0,0
BRDA:21,4,1,0
BRDA:30,5,0,0
BRDA:30,5,1,0
BRF:12
BRH:0
end_of_record
TN:
SF:src\modules\common\guards\jwt-auth.guard.ts
FNF:0
FNH:0
DA:1,1
DA:2,1
DA:5,1
LF:3
LH:3
BRF:0
BRH:0
end_of_record
TN:
SF:src\modules\common\guards\roles.decorator.ts
FN:6,(anonymous_0)
FNF:1
FNH:0
FNDA:0,(anonymous_0)
DA:1,0
DA:4,0
DA:6,0
LF:3
LH:0
BRF:0
BRH:0
end_of_record
TN:
SF:src\modules\common\guards\roles.guard.ts
FN:9,(anonymous_2)
FN:11,(anonymous_3)
FNF:2
FNH:0
FNDA:0,(anonymous_2)
FNDA:0,(anonymous_3)
DA:1,0
DA:2,0
DA:5,0
DA:8,0
DA:9,0
DA:12,0
DA:17,0
DA:18,0
DA:21,0
DA:23,0
DA:24,0
DA:27,0
LF:12
LH:0
BRDA:17,0,0,0
BRDA:17,0,1,0
BRDA:23,1,0,0
BRDA:23,1,1,0
BRF:4
BRH:0
end_of_record
TN:
SF:src\modules\inventory\inventory.controller.ts
FN:16,(anonymous_4)
FN:23,(anonymous_5)
FN:32,(anonymous_6)
FN:39,(anonymous_7)
FN:45,(anonymous_8)
FN:51,(anonymous_9)
FN:59,(anonymous_10)
FN:67,(anonymous_11)
FN:75,(anonymous_12)
FN:83,(anonymous_13)
FNF:10
FNH:0
FNDA:0,(anonymous_4)
FNDA:0,(anonymous_5)
FNDA:0,(anonymous_6)
FNDA:0,(anonymous_7)
FNDA:0,(anonymous_8)
FNDA:0,(anonymous_9)
FNDA:0,(anonymous_10)
FNDA:0,(anonymous_11)
FNDA:0,(anonymous_12)
FNDA:0,(anonymous_13)
DA:1,0
DA:2,0
DA:3,0
DA:4,0
DA:5,0
DA:6,0
DA:7,0
DA:8,0
DA:9,0
DA:15,0
DA:16,0
DA:23,0
DA:27,0
DA:32,0
DA:33,0
DA:39,0
DA:40,0
DA:45,0
DA:46,0
DA:51,0
DA:52,0
DA:59,0
DA:60,0
DA:67,0
DA:68,0
DA:75,0
DA:76,0
DA:83,0
DA:84,0
LF:29
LH:0
BRDA:40,0,0,0
BRDA:40,0,1,0
BRF:2
BRH:0
end_of_record
TN:
SF:src\modules\inventory\inventory.module.ts
FNF:0
FNH:0
DA:1,0
DA:2,0
DA:3,0
DA:4,0
DA:12,0
LF:5
LH:0
BRF:0
BRH:0
end_of_record
TN:
SF:src\modules\inventory\inventory.service.ts
FN:11,(anonymous_2)
FN:16,(anonymous_3)
FN:36,(anonymous_4)
FN:47,(anonymous_5)
FN:64,(anonymous_6)
FN:75,(anonymous_7)
FN:82,(anonymous_8)
FN:97,(anonymous_9)
FN:104,(anonymous_10)
FN:122,(anonymous_11)
FN:136,(anonymous_12)
FN:167,(anonymous_13)
FN:173,(anonymous_14)
FNF:13
FNH:13
FNDA:21,(anonymous_2)
FNDA:3,(anonymous_3)
FNDA:3,(anonymous_4)
FNDA:9,(anonymous_5)
FNDA:2,(anonymous_6)
FNDA:1,(anonymous_7)
FNDA:2,(anonymous_8)
FNDA:1,(anonymous_9)
FNDA:2,(anonymous_10)
FNDA:2,(anonymous_11)
FNDA:5,(anonymous_12)
FNDA:2,(anonymous_13)
FNDA:1,(anonymous_14)
DA:1,1
DA:2,1
DA:3,1
DA:6,1
DA:10,1
DA:12,21
DA:13,21
DA:17,3
DA:18,3
DA:19,3
DA:20,3
DA:22,3
DA:35,3
DA:36,3
DA:48,9
DA:53,9
DA:54,2
DA:57,7
DA:65,2
DA:75,2
DA:83,2
DA:84,2
DA:86,2
DA:97,2
DA:105,2
DA:108,2
DA:109,1
DA:112,1
DA:123,2
DA:125,1
DA:137,5
DA:139,5
DA:141,5
DA:142,1
DA:145,4
DA:146,4
DA:147,1
DA:148,3
DA:149,1
DA:150,1
DA:157,4
DA:168,2
DA:174,1
LF:43
LH:43
BRDA:17,0,0,3
BRDA:17,0,1,3
BRDA:18,1,0,3
BRDA:18,1,1,3
BRDA:20,2,0,1
BRDA:20,2,1,2
BRDA:39,3,0,3
BRDA:39,3,1,0
BRDA:53,4,0,2
BRDA:53,4,1,7
BRDA:60,5,0,7
BRDA:60,5,1,0
BRDA:78,6,0,1
BRDA:78,6,1,0
BRDA:82,7,0,1
BRDA:100,8,0,1
BRDA:100,8,1,0
BRDA:108,9,0,1
BRDA:108,9,1,1
BRDA:129,10,0,1
BRDA:129,10,1,0
BRDA:130,11,0,1
BRDA:130,11,1,0
BRDA:141,12,0,1
BRDA:141,12,1,4
BRDA:146,13,0,1
BRDA:146,13,1,3
BRDA:148,14,0,1
BRDA:148,14,1,2
BRDA:148,15,0,3
BRDA:148,15,1,0
BRF:31
BRH:24
end_of_record
TN:
SF:src\modules\inventory\dto\inventory.dto.ts
FN:20,(anonymous_2)
FN:27,(anonymous_3)
FN:33,(anonymous_4)
FN:40,(anonymous_5)
FN:72,(anonymous_6)
FN:78,(anonymous_7)
FN:84,(anonymous_8)
FN:96,(anonymous_9)
FNF:8
FNH:0
FNDA:0,(anonymous_2)
FNDA:0,(anonymous_3)
FNDA:0,(anonymous_4)
FNDA:0,(anonymous_5)
FNDA:0,(anonymous_6)
FNDA:0,(anonymous_7)
FNDA:0,(anonymous_8)
FNDA:0,(anonymous_9)
DA:1,0
DA:2,0
DA:3,0
DA:5,0
DA:8,0
DA:12,0
DA:17,0
DA:20,0
DA:23,0
DA:27,0
DA:30,0
DA:33,0
DA:36,0
DA:40,0
DA:42,0
DA:47,0
DA:52,0
DA:56,0
DA:59,0
DA:63,0
DA:68,0
DA:72,0
DA:74,0
DA:78,0
DA:80,0
DA:84,0
DA:86,0
DA:91,0
DA:94,0
DA:96,0
DA:98,0
DA:103,0
DA:106,0
DA:109,0
DA:113,0
LF:35
LH:0
BRF:0
BRH:0
end_of_record
TN:
SF:src\modules\medical-records\medical-records.controller.ts
FN:14,(anonymous_4)
FN:20,(anonymous_5)
FN:26,(anonymous_6)
FN:32,(anonymous_7)
FN:38,(anonymous_8)
FNF:5
FNH:0
FNDA:0,(anonymous_4)
FNDA:0,(anonymous_5)
FNDA:0,(anonymous_6)
FNDA:0,(anonymous_7)
FNDA:0,(anonymous_8)
DA:1,0
DA:2,0
DA:3,0
DA:4,0
DA:5,0
DA:6,0
DA:7,0
DA:13,0
DA:14,0
DA:20,0
DA:21,0
DA:26,0
DA:27,0
DA:32,0
DA:33,0
DA:38,0
DA:39,0
LF:17
LH:0
BRF:0
BRH:0
end_of_record
TN:
SF:src\modules\medical-records\medical-records.module.ts
FNF:0
FNH:0
DA:1,0
DA:2,0
DA:3,0
DA:10,0
LF:4
LH:0
BRF:0
BRH:0
end_of_record
TN:
SF:src\modules\medical-records\medical-records.service.ts
FN:8,(anonymous_2)
FN:10,(anonymous_3)
FN:51,(anonymous_4)
FN:73,(anonymous_5)
FN:115,(anonymous_6)
FNF:5
FNH:5
FNDA:13,(anonymous_2)
FNDA:4,(anonymous_3)
FNDA:5,(anonymous_4)
FNDA:4,(anonymous_5)
FNDA:3,(anonymous_6)
DA:1,1
DA:2,1
DA:4,1
DA:7,1
DA:8,13
DA:11,4
DA:12,4
DA:13,1
DA:16,3
DA:17,3
DA:18,3
DA:19,3
DA:21,3
DA:48,3
DA:52,5
DA:66,5
DA:67,2
DA:70,3
DA:74,4
DA:75,4
DA:76,1
DA:80,3
DA:81,2
DA:84,2
DA:85,1
DA:87,1
DA:90,2
DA:116,3
DA:118,2
LF:29
LH:29
BRDA:12,0,0,1
BRDA:12,0,1,3
BRDA:16,1,0,3
BRDA:16,1,1,2
BRDA:17,2,0,3
BRDA:17,2,1,2
BRDA:66,3,0,2
BRDA:66,3,1,3
BRDA:75,4,0,1
BRDA:75,4,1,3
BRDA:80,5,0,2
BRDA:80,5,1,1
BRDA:84,6,0,1
BRDA:84,6,1,1
BRF:14
BRH:14
end_of_record
TN:
SF:src\modules\medical-records\dto\medical-records.dto.ts
FNF:0
FNH:0
DA:1,0
DA:2,0
DA:4,0
DA:7,0
DA:12,0
DA:17,0
DA:22,0
DA:27,0
DA:32,0
DA:37,0
DA:42,0
DA:45,0
DA:49,0
DA:54,0
DA:59,0
DA:64,0
DA:69,0
DA:74,0
LF:18
LH:0
BRF:0
BRH:0
end_of_record
TN:
SF:src\modules\notifications\notification.gateway.ts
FN:19,(anonymous_4)
FN:25,(anonymous_5)
FN:29,(anonymous_6)
FN:34,(anonymous_7)
FN:41,(anonymous_8)
FN:47,(anonymous_9)
FN:52,(anonymous_10)
FN:57,(anonymous_11)
FN:62,(anonymous_12)
FN:67,(anonymous_13)
FN:72,(anonymous_14)
FN:77,(anonymous_15)
FN:82,(anonymous_16)
FNF:13
FNH:0
FNDA:0,(anonymous_4)
FNDA:0,(anonymous_5)
FNDA:0,(anonymous_6)
FNDA:0,(anonymous_7)
FNDA:0,(anonymous_8)
FNDA:0,(anonymous_9)
FNDA:0,(anonymous_10)
FNDA:0,(anonymous_11)
FNDA:0,(anonymous_12)
FNDA:0,(anonymous_13)
FNDA:0,(anonymous_14)
FNDA:0,(anonymous_15)
FNDA:0,(anonymous_16)
DA:1,2
DA:9,2
DA:10,2
DA:19,2
DA:21,2
DA:23,0
DA:26,0
DA:30,0
DA:34,2
DA:35,0
DA:36,0
DA:37,0
DA:41,2
DA:42,0
DA:43,0
DA:44,0
DA:48,0
DA:49,0
DA:53,0
DA:54,0
DA:58,0
DA:59,0
DA:63,0
DA:64,0
DA:68,0
DA:69,0
DA:73,0
DA:74,0
DA:78,0
DA:79,0
DA:83,0
LF:31
LH:7
BRF:0
BRH:0
end_of_record
TN:
SF:src\modules\notifications\notification.module.ts
FNF:0
FNH:0
DA:1,0
DA:2,0
DA:8,0
LF:3
LH:0
BRF:0
BRH:0
end_of_record
TN:
SF:src\modules\pets\pets.controller.ts
FN:12,(anonymous_4)
FN:16,(anonymous_5)
FN:22,(anonymous_6)
FN:28,(anonymous_7)
FN:34,(anonymous_8)
FN:40,(anonymous_9)
FN:46,(anonymous_10)
FN:52,(anonymous_11)
FNF:8
FNH:0
FNDA:0,(anonymous_4)
FNDA:0,(anonymous_5)
FNDA:0,(anonymous_6)
FNDA:0,(anonymous_7)
FNDA:0,(anonymous_8)
FNDA:0,(anonymous_9)
FNDA:0,(anonymous_10)
FNDA:0,(anonymous_11)
DA:1,0
DA:2,0
DA:3,0
DA:4,0
DA:5,0
DA:11,0
DA:12,0
DA:16,0
DA:17,0
DA:22,0
DA:23,0
DA:28,0
DA:29,0
DA:34,0
DA:35,0
DA:40,0
DA:41,0
DA:46,0
DA:47,0
DA:52,0
DA:53,0
LF:21
LH:0
BRF:0
BRH:0
end_of_record
TN:
SF:src\modules\pets\pets.module.ts
FNF:0
FNH:0
DA:1,0
DA:2,0
DA:3,0
DA:10,0
LF:4
LH:0
BRF:0
BRH:0
end_of_record
TN:
SF:src\modules\pets\pets.service.ts
FN:7,(anonymous_2)
FN:9,(anonymous_3)
FN:41,(anonymous_4)
FN:64,(anonymous_5)
FN:73,(anonymous_6)
FN:92,(anonymous_7)
FN:108,(anonymous_8)
FN:117,(anonymous_9)
FNF:8
FNH:0
FNDA:0,(anonymous_2)
FNDA:0,(anonymous_3)
FNDA:0,(anonymous_4)
FNDA:0,(anonymous_5)
FNDA:0,(anonymous_6)
FNDA:0,(anonymous_7)
FNDA:0,(anonymous_8)
FNDA:0,(anonymous_9)
DA:1,0
DA:2,0
DA:6,0
DA:7,0
DA:10,0
DA:34,0
DA:35,0
DA:38,0
DA:42,0
DA:43,0
DA:44,0
DA:47,0
DA:65,0
DA:67,0
DA:74,0
DA:76,0
DA:84,0
DA:89,0
DA:93,0
DA:95,0
DA:109,0
DA:111,0
DA:118,0
DA:120,0
LF:24
LH:0
BRDA:34,0,0,0
BRDA:34,0,1,0
BRDA:43,1,0,0
BRDA:43,1,1,0
BRF:4
BRH:0
end_of_record
TN:
SF:src\modules\pets\dto\pets.dto.ts
FN:36,(anonymous_2)
FN:79,(anonymous_3)
FN:91,(anonymous_4)
FNF:3
FNH:0
FNDA:0,(anonymous_2)
FNDA:0,(anonymous_3)
FNDA:0,(anonymous_4)
DA:1,0
DA:2,0
DA:3,0
DA:5,0
DA:8,0
DA:12,0
DA:17,0
DA:22,0
DA:27,0
DA:32,0
DA:36,0
DA:38,0
DA:43,0
DA:48,0
DA:53,0
DA:56,0
DA:60,0
DA:65,0
DA:70,0
DA:75,0
DA:79,0
DA:81,0
DA:86,0
DA:89,0
DA:91,0
DA:93,0
DA:98,0
DA:101,0
DA:104,0
DA:109,0
DA:113,0
DA:118,0
DA:123,0
DA:128,0
LF:34
LH:0
BRF:0
BRH:0
end_of_record
TN:
SF:src\modules\sales\sales.controller.ts
FN:14,(anonymous_4)
FN:22,(anonymous_5)
FN:37,(anonymous_6)
FN:43,(anonymous_7)
FN:49,(anonymous_8)
FNF:5
FNH:0
FNDA:0,(anonymous_4)
FNDA:0,(anonymous_5)
FNDA:0,(anonymous_6)
FNDA:0,(anonymous_7)
FNDA:0,(anonymous_8)
DA:1,0
DA:2,0
DA:3,0
DA:4,0
DA:5,0
DA:6,0
DA:7,0
DA:13,0
DA:14,0
DA:22,0
DA:27,0
DA:37,0
DA:38,0
DA:43,0
DA:44,0
DA:49,0
DA:50,0
LF:17
LH:0
BRDA:28,0,0,0
BRDA:28,0,1,0
BRDA:29,1,0,0
BRDA:29,1,1,0
BRDA:38,2,0,0
BRDA:38,2,1,0
BRF:6
BRH:0
end_of_record
TN:
SF:src\modules\sales\sales.module.ts
FNF:0
FNH:0
DA:1,0
DA:2,0
DA:3,0
DA:4,0
DA:12,0
LF:5
LH:0
BRF:0
BRH:0
end_of_record
TN:
SF:src\modules\sales\sales.service.ts
FN:9,(anonymous_2)
FN:11,(anonymous_3)
FN:48,(anonymous_4)
FN:53,(anonymous_5)
FN:65,(anonymous_6)
FN:86,(anonymous_7)
FN:94,(anonymous_8)
FN:99,(anonymous_9)
FN:109,(anonymous_10)
FN:119,(anonymous_11)
FN:120,(anonymous_12)
FN:129,(anonymous_13)
FN:134,(anonymous_14)
FN:174,(anonymous_15)
FN:182,(anonymous_16)
FN:206,(anonymous_17)
FN:207,(anonymous_18)
FN:208,(anonymous_19)
FN:211,(anonymous_20)
FNF:19
FNH:16
FNDA:14,(anonymous_2)
FNDA:3,(anonymous_3)
FNDA:2,(anonymous_4)
FNDA:0,(anonymous_5)
FNDA:3,(anonymous_6)
FNDA:0,(anonymous_7)
FNDA:5,(anonymous_8)
FNDA:7,(anonymous_9)
FNDA:5,(anonymous_10)
FNDA:3,(anonymous_11)
FNDA:4,(anonymous_12)
FNDA:3,(anonymous_13)
FNDA:2,(anonymous_14)
FNDA:0,(anonymous_15)
FNDA:3,(anonymous_16)
FNDA:2,(anonymous_17)
FNDA:2,(anonymous_18)
FNDA:2,(anonymous_19)
FNDA:2,(anonymous_20)
DA:1,1
DA:2,1
DA:5,1
DA:8,1
DA:9,14
DA:12,3
DA:13,3
DA:14,3
DA:15,3
DA:17,3
DA:18,1
DA:24,3
DA:47,3
DA:48,2
DA:53,0
DA:66,3
DA:77,3
DA:78,1
DA:81,2
DA:86,0
DA:95,5
DA:96,1
DA:99,7
DA:100,4
DA:104,4
DA:105,1
DA:108,3
DA:109,5
DA:110,4
DA:112,4
DA:113,1
DA:119,2
DA:120,4
DA:121,3
DA:129,3
DA:130,2
DA:131,2
DA:132,2
DA:134,2
DA:135,2
DA:157,2
DA:158,3
DA:166,2
DA:169,2
DA:174,0
DA:183,3
DA:184,3
DA:186,3
DA:187,3
DA:189,3
DA:206,3
DA:207,3
DA:208,3
DA:210,3
DA:212,2
DA:213,2
DA:218,3
LF:57
LH:54
BRDA:12,0,0,3
BRDA:12,0,1,2
BRDA:13,1,0,3
BRDA:13,1,1,2
BRDA:17,2,0,1
BRDA:17,2,1,2
BRDA:17,3,0,3
BRDA:17,3,1,1
BRDA:77,4,0,1
BRDA:77,4,1,2
BRDA:95,5,0,1
BRDA:95,5,1,4
BRDA:104,6,0,1
BRDA:104,6,1,3
BRDA:110,7,0,0
BRDA:110,7,1,4
BRDA:112,8,0,1
BRDA:112,8,1,3
BRDA:212,9,0,2
BRDA:212,9,1,0
BRDA:212,10,0,2
BRDA:212,10,1,2
BRDA:212,11,0,2
BRDA:212,11,1,0
BRF:24
BRH:21
end_of_record
TN:
SF:src\modules\sales\dto\sales.dto.ts
FN:11,(anonymous_2)
FN:21,(anonymous_3)
FNF:2
FNH:0
FNDA:0,(anonymous_2)
FNDA:0,(anonymous_3)
DA:1,0
DA:2,0
DA:3,0
DA:5,0
DA:8,0
DA:11,0
DA:14,0
DA:17,0
DA:21,0
DA:22,0
DA:27,0
DA:32,0
LF:12
LH:0
BRF:0
BRH:0
end_of_record
TN:
SF:src\modules\uploads\uploads.controller.ts
FN:34,(anonymous_4)
FN:70,(anonymous_5)
FN:101,(anonymous_6)
FN:54,(anonymous_7)
FN:59,(anonymous_8)
FNF:5
FNH:0
FNDA:0,(anonymous_4)
FNDA:0,(anonymous_5)
FNDA:0,(anonymous_6)
FNDA:0,(anonymous_7)
FNDA:0,(anonymous_8)
DA:1,0
DA:13,0
DA:14,0
DA:15,0
DA:16,0
DA:17,0
DA:19,0
DA:20,0
DA:21,0
DA:23,0
DA:24,0
DA:25,0
DA:27,0
DA:33,0
DA:34,0
DA:55,0
DA:56,0
DA:60,0
DA:61,0
DA:62,0
DA:63,0
DA:65,0
DA:70,0
DA:74,0
DA:75,0
DA:78,0
DA:82,0
DA:83,0
DA:86,0
DA:96,0
DA:101,0
DA:105,0
DA:107,0
DA:108,0
DA:111,0
DA:112,0
DA:113,0
DA:115,0
DA:120,0
LF:39
LH:0
BRDA:74,0,0,0
BRDA:74,0,1,0
BRDA:82,1,0,0
BRDA:82,1,1,0
BRDA:107,2,0,0
BRDA:107,2,1,0
BRDA:113,3,0,0
BRDA:113,3,1,0
BRDA:61,4,0,0
BRDA:61,4,1,0
BRF:10
BRH:0
end_of_record
TN:
SF:src\modules\uploads\uploads.module.ts
FNF:0
FNH:0
DA:1,0
DA:2,0
DA:3,0
DA:9,0
LF:4
LH:0
BRF:0
BRH:0
end_of_record
TN:
SF:src\modules\users\users.controller.ts
FN:16,(anonymous_4)
FN:22,(anonymous_5)
FN:28,(anonymous_6)
FN:34,(anonymous_7)
FN:42,(anonymous_8)
FN:50,(anonymous_9)
FN:58,(anonymous_10)
FNF:7
FNH:0
FNDA:0,(anonymous_4)
FNDA:0,(anonymous_5)
FNDA:0,(anonymous_6)
FNDA:0,(anonymous_7)
FNDA:0,(anonymous_8)
FNDA:0,(anonymous_9)
FNDA:0,(anonymous_10)
DA:1,0
DA:2,0
DA:3,0
DA:4,0
DA:5,0
DA:6,0
DA:7,0
DA:8,0
DA:9,0
DA:15,0
DA:16,0
DA:22,0
DA:23,0
DA:28,0
DA:29,0
DA:34,0
DA:35,0
DA:42,0
DA:43,0
DA:50,0
DA:51,0
DA:58,0
DA:59,0
LF:23
LH:0
BRF:0
BRH:0
end_of_record
TN:
SF:src\modules\users\users.module.ts
FNF:0
FNH:0
DA:1,0
DA:2,0
DA:3,0
DA:10,0
LF:4
LH:0
BRF:0
BRH:0
end_of_record
TN:
SF:src\modules\users\users.service.ts
FN:9,(anonymous_11)
FN:11,(anonymous_12)
FN:42,(anonymous_13)
FN:65,(anonymous_14)
FN:80,(anonymous_15)
FN:106,(anonymous_16)
FN:122,(anonymous_17)
FNF:7
FNH:7
FNDA:12,(anonymous_11)
FNDA:3,(anonymous_12)
FNDA:6,(anonymous_13)
FNDA:1,(anonymous_14)
FNDA:2,(anonymous_15)
FNDA:2,(anonymous_16)
FNDA:2,(anonymous_17)
DA:1,1
DA:2,1
DA:4,1
DA:5,1
DA:8,1
DA:9,12
DA:12,3
DA:13,3
DA:14,3
DA:16,3
DA:18,3
DA:39,3
DA:43,6
DA:58,6
DA:59,3
DA:62,3
DA:66,1
DA:81,2
DA:85,2
DA:86,1
DA:89,1
DA:91,1
DA:107,2
DA:109,1
DA:123,2
DA:125,1
LF:26
LH:26
BRDA:12,0,0,3
BRDA:12,0,1,2
BRDA:13,1,0,3
BRDA:13,1,1,2
BRDA:58,2,0,3
BRDA:58,2,1,3
BRDA:85,3,0,1
BRDA:85,3,1,1
BRF:8
BRH:8
end_of_record
TN:
SF:src\modules\users\dto\users.dto.ts
FNF:0
FNH:0
DA:1,1
DA:2,1
DA:3,1
DA:5,1
DA:8,1
DA:13,1
DA:17,1
DA:21,1
DA:25,1
DA:30,1
DA:35,1
DA:38,1
DA:42,1
DA:47,1
DA:52,1
DA:57,1
DA:62,1
LF:17
LH:17
BRF:0
BRH:0
end_of_record
